0 info it worked if it ends with ok
1 verbose cli [ 'node', '/usr/local/bin/npm', 'install', '-g', 'less' ]
2 info using npm@1.2.18
3 info using node@v0.10.6
4 verbose read json /usr/local/lib/package.json
5 verbose read json /usr/local/lib/package.json
6 verbose cache add [ 'less', null ]
7 verbose cache add name=undefined spec="less" args=["less",null]
8 verbose parsed url { protocol: null,
8 verbose parsed url   slashes: null,
8 verbose parsed url   auth: null,
8 verbose parsed url   host: null,
8 verbose parsed url   port: null,
8 verbose parsed url   hostname: null,
8 verbose parsed url   hash: null,
8 verbose parsed url   search: null,
8 verbose parsed url   query: null,
8 verbose parsed url   pathname: 'less',
8 verbose parsed url   path: 'less',
8 verbose parsed url   href: 'less' }
9 silly lockFile 0b439cf4-less less
10 verbose lock less /Users/daniruizcallado/.npm/0b439cf4-less.lock
11 silly lockFile 0b439cf4-less less
12 silly lockFile 0b439cf4-less less
13 verbose addNamed [ 'less', '' ]
14 verbose addNamed [ null, '' ]
15 silly lockFile e13833ab-less less@
16 verbose lock less@ /Users/daniruizcallado/.npm/e13833ab-less.lock
17 silly addNameRange { name: 'less', range: '', hasData: false }
18 verbose url raw less
19 verbose url resolving [ 'https://registry.npmjs.org/', './less' ]
20 verbose url resolved https://registry.npmjs.org/less
21 info trying registry request attempt 1 at 16:48:58
22 http GET https://registry.npmjs.org/less
23 http 200 https://registry.npmjs.org/less
24 silly registry.get cb [ 200,
24 silly registry.get   { vary: 'Accept',
24 silly registry.get     server: 'CouchDB/1.3.0 (Erlang OTP/R15B03)',
24 silly registry.get     etag: '"AEACCHYPX7N416CE358ZKQL72"',
24 silly registry.get     date: 'Thu, 23 May 2013 14:49:00 GMT',
24 silly registry.get     'content-type': 'application/json',
24 silly registry.get     'content-length': '36446' } ]
25 silly addNameRange number 2 { name: 'less', range: '', hasData: true }
26 silly addNameRange versions [ 'less',
26 silly addNameRange   [ '1.0.10',
26 silly addNameRange     '1.0.11',
26 silly addNameRange     '1.0.14',
26 silly addNameRange     '1.0.18',
26 silly addNameRange     '1.0.19',
26 silly addNameRange     '1.0.21',
26 silly addNameRange     '1.0.32',
26 silly addNameRange     '1.0.36',
26 silly addNameRange     '1.0.5',
26 silly addNameRange     '1.0.40',
26 silly addNameRange     '1.0.41',
26 silly addNameRange     '1.0.44',
26 silly addNameRange     '1.1.0',
26 silly addNameRange     '1.1.1',
26 silly addNameRange     '1.1.2',
26 silly addNameRange     '1.1.4',
26 silly addNameRange     '1.1.5',
26 silly addNameRange     '1.1.6',
26 silly addNameRange     '1.2.0',
26 silly addNameRange     '1.2.1',
26 silly addNameRange     '1.2.2',
26 silly addNameRange     '1.3.0',
26 silly addNameRange     '1.3.1',
26 silly addNameRange     '1.3.2',
26 silly addNameRange     '1.3.3',
26 silly addNameRange     '1.4.0-b1',
26 silly addNameRange     '1.4.0-b2',
26 silly addNameRange     '1.4.0-b3',
26 silly addNameRange     '1.4.0-b4' ] ]
27 verbose addNamed [ 'less', '1.3.3' ]
28 verbose addNamed [ '1.3.3', '1.3.3' ]
29 silly lockFile fcd40bce-less-1-3-3 less@1.3.3
30 verbose lock less@1.3.3 /Users/daniruizcallado/.npm/fcd40bce-less-1-3-3.lock
31 silly lockFile 2aa4d5e7-ry-npmjs-org-less-less-1-3-3-tgz https://registry.npmjs.org/less/-/less-1.3.3.tgz
32 verbose lock https://registry.npmjs.org/less/-/less-1.3.3.tgz /Users/daniruizcallado/.npm/2aa4d5e7-ry-npmjs-org-less-less-1-3-3-tgz.lock
33 verbose addRemoteTarball [ 'https://registry.npmjs.org/less/-/less-1.3.3.tgz',
33 verbose addRemoteTarball   '7ee8f300a41080f3544c80c7a70cdf6a61280cf9' ]
34 info retry fetch attempt 1 at 16:49:00
35 verbose fetch to= /var/folders/4l/ts340m9s2ss9qhcmk4kbyb1r0000gn/T/npm-655/1369320540572-0.45773283345624804/tmp.tgz
36 http GET https://registry.npmjs.org/less/-/less-1.3.3.tgz
37 http 200 https://registry.npmjs.org/less/-/less-1.3.3.tgz
38 silly shasum updated bytes 65536
39 silly shasum updated bytes 50261
40 info shasum 7ee8f300a41080f3544c80c7a70cdf6a61280cf9
40 info shasum /var/folders/4l/ts340m9s2ss9qhcmk4kbyb1r0000gn/T/npm-655/1369320540572-0.45773283345624804/tmp.tgz
41 verbose tar unpack /var/folders/4l/ts340m9s2ss9qhcmk4kbyb1r0000gn/T/npm-655/1369320540572-0.45773283345624804/tmp.tgz
42 silly lockFile 55fbf819-0572-0-45773283345624804-package /var/folders/4l/ts340m9s2ss9qhcmk4kbyb1r0000gn/T/npm-655/1369320540572-0.45773283345624804/package
43 verbose lock /var/folders/4l/ts340m9s2ss9qhcmk4kbyb1r0000gn/T/npm-655/1369320540572-0.45773283345624804/package /Users/daniruizcallado/.npm/55fbf819-0572-0-45773283345624804-package.lock
44 silly lockFile bac2a15e-0572-0-45773283345624804-tmp-tgz /var/folders/4l/ts340m9s2ss9qhcmk4kbyb1r0000gn/T/npm-655/1369320540572-0.45773283345624804/tmp.tgz
45 verbose lock /var/folders/4l/ts340m9s2ss9qhcmk4kbyb1r0000gn/T/npm-655/1369320540572-0.45773283345624804/tmp.tgz /Users/daniruizcallado/.npm/bac2a15e-0572-0-45773283345624804-tmp-tgz.lock
46 silly gunzTarPerm modes [ '755', '644' ]
47 silly gunzTarPerm extractEntry package.json
48 silly gunzTarPerm modified mode [ 'package.json', 438, 420 ]
49 silly gunzTarPerm extractEntry .npmignore
50 silly gunzTarPerm modified mode [ '.npmignore', 438, 420 ]
51 silly gunzTarPerm extractEntry README.md
52 silly gunzTarPerm modified mode [ 'README.md', 438, 420 ]
53 silly gunzTarPerm extractEntry LICENSE
54 silly gunzTarPerm modified mode [ 'LICENSE', 438, 420 ]
55 silly gunzTarPerm extractEntry CHANGELOG.md
56 silly gunzTarPerm modified mode [ 'CHANGELOG.md', 438, 420 ]
57 silly gunzTarPerm extractEntry CONTRIBUTING.md
58 silly gunzTarPerm modified mode [ 'CONTRIBUTING.md', 438, 420 ]
59 silly gunzTarPerm extractEntry benchmark/less-benchmark.js
60 silly gunzTarPerm modified mode [ 'benchmark/less-benchmark.js', 438, 420 ]
61 silly gunzTarPerm extractEntry benchmark/benchmark.less
62 silly gunzTarPerm modified mode [ 'benchmark/benchmark.less', 438, 420 ]
63 silly gunzTarPerm extractEntry lib/less/browser.js
64 silly gunzTarPerm modified mode [ 'lib/less/browser.js', 438, 420 ]
65 silly gunzTarPerm extractEntry lib/less/colors.js
66 silly gunzTarPerm modified mode [ 'lib/less/colors.js', 438, 420 ]
67 silly gunzTarPerm extractEntry lib/less/functions.js
68 silly gunzTarPerm modified mode [ 'lib/less/functions.js', 438, 420 ]
69 silly gunzTarPerm extractEntry lib/less/index.js
70 silly gunzTarPerm modified mode [ 'lib/less/index.js', 438, 420 ]
71 silly gunzTarPerm extractEntry lib/less/lessc_helper.js
72 silly gunzTarPerm modified mode [ 'lib/less/lessc_helper.js', 438, 420 ]
73 silly gunzTarPerm extractEntry lib/less/parser.js
74 silly gunzTarPerm modified mode [ 'lib/less/parser.js', 438, 420 ]
75 silly gunzTarPerm extractEntry lib/less/rhino.js
76 silly gunzTarPerm modified mode [ 'lib/less/rhino.js', 438, 420 ]
77 silly gunzTarPerm extractEntry lib/less/tree.js
78 silly gunzTarPerm modified mode [ 'lib/less/tree.js', 438, 420 ]
79 silly gunzTarPerm extractEntry lib/less/tree/alpha.js
80 silly gunzTarPerm modified mode [ 'lib/less/tree/alpha.js', 438, 420 ]
81 silly gunzTarPerm extractEntry lib/less/tree/expression.js
82 silly gunzTarPerm modified mode [ 'lib/less/tree/expression.js', 438, 420 ]
83 silly gunzTarPerm extractEntry lib/less/tree/import.js
84 silly gunzTarPerm modified mode [ 'lib/less/tree/import.js', 438, 420 ]
85 silly gunzTarPerm extractEntry lib/less/tree/javascript.js
86 silly gunzTarPerm modified mode [ 'lib/less/tree/javascript.js', 438, 420 ]
87 silly gunzTarPerm extractEntry lib/less/tree/element.js
88 silly gunzTarPerm modified mode [ 'lib/less/tree/element.js', 438, 420 ]
89 silly gunzTarPerm extractEntry lib/less/tree/media.js
90 silly gunzTarPerm modified mode [ 'lib/less/tree/media.js', 438, 420 ]
91 silly gunzTarPerm extractEntry lib/less/tree/mixin.js
92 silly gunzTarPerm modified mode [ 'lib/less/tree/mixin.js', 438, 420 ]
93 silly gunzTarPerm extractEntry lib/less/tree/operation.js
94 silly gunzTarPerm modified mode [ 'lib/less/tree/operation.js', 438, 420 ]
95 silly gunzTarPerm extractEntry lib/less/tree/paren.js
96 silly gunzTarPerm modified mode [ 'lib/less/tree/paren.js', 438, 420 ]
97 silly gunzTarPerm extractEntry lib/less/tree/quoted.js
98 silly gunzTarPerm modified mode [ 'lib/less/tree/quoted.js', 438, 420 ]
99 silly gunzTarPerm extractEntry lib/less/tree/directive.js
100 silly gunzTarPerm modified mode [ 'lib/less/tree/directive.js', 438, 420 ]
101 silly gunzTarPerm extractEntry lib/less/tree/ratio.js
102 silly gunzTarPerm modified mode [ 'lib/less/tree/ratio.js', 438, 420 ]
103 silly gunzTarPerm extractEntry lib/less/tree/dimension.js
104 silly gunzTarPerm modified mode [ 'lib/less/tree/dimension.js', 438, 420 ]
105 silly gunzTarPerm extractEntry lib/less/tree/rule.js
106 silly gunzTarPerm modified mode [ 'lib/less/tree/rule.js', 438, 420 ]
107 silly gunzTarPerm extractEntry lib/less/tree/condition.js
108 silly gunzTarPerm modified mode [ 'lib/less/tree/condition.js', 438, 420 ]
109 silly gunzTarPerm extractEntry lib/less/tree/ruleset.js
110 silly gunzTarPerm modified mode [ 'lib/less/tree/ruleset.js', 438, 420 ]
111 silly gunzTarPerm extractEntry lib/less/tree/comment.js
112 silly gunzTarPerm modified mode [ 'lib/less/tree/comment.js', 438, 420 ]
113 silly gunzTarPerm extractEntry lib/less/tree/selector.js
114 silly gunzTarPerm modified mode [ 'lib/less/tree/selector.js', 438, 420 ]
115 silly gunzTarPerm extractEntry lib/less/tree/color.js
116 silly gunzTarPerm modified mode [ 'lib/less/tree/color.js', 438, 420 ]
117 silly gunzTarPerm extractEntry lib/less/tree/unicode-descriptor.js
118 silly gunzTarPerm modified mode [ 'lib/less/tree/unicode-descriptor.js', 438, 420 ]
119 silly gunzTarPerm extractEntry lib/less/tree/call.js
120 silly gunzTarPerm modified mode [ 'lib/less/tree/call.js', 438, 420 ]
121 silly gunzTarPerm extractEntry lib/less/tree/url.js
122 silly gunzTarPerm modified mode [ 'lib/less/tree/url.js', 438, 420 ]
123 silly gunzTarPerm extractEntry lib/less/tree/assignment.js
124 silly gunzTarPerm modified mode [ 'lib/less/tree/assignment.js', 438, 420 ]
125 silly gunzTarPerm extractEntry lib/less/tree/value.js
126 silly gunzTarPerm modified mode [ 'lib/less/tree/value.js', 438, 420 ]
127 silly gunzTarPerm extractEntry lib/less/tree/anonymous.js
128 silly gunzTarPerm modified mode [ 'lib/less/tree/anonymous.js', 438, 420 ]
129 silly gunzTarPerm extractEntry lib/less/tree/variable.js
130 silly gunzTarPerm modified mode [ 'lib/less/tree/variable.js', 438, 420 ]
131 silly gunzTarPerm extractEntry lib/less/tree/keyword.js
132 silly gunzTarPerm modified mode [ 'lib/less/tree/keyword.js', 438, 420 ]
133 silly gunzTarPerm extractEntry test/browser-test-prepare.js
134 silly gunzTarPerm modified mode [ 'test/browser-test-prepare.js', 438, 420 ]
135 silly gunzTarPerm extractEntry test/less-test.js
136 silly gunzTarPerm modified mode [ 'test/less-test.js', 438, 420 ]
137 silly gunzTarPerm extractEntry test/browser/common.js
138 silly gunzTarPerm modified mode [ 'test/browser/common.js', 438, 420 ]
139 silly gunzTarPerm extractEntry test/browser/jasmine-html.js
140 silly gunzTarPerm modified mode [ 'test/browser/jasmine-html.js', 438, 420 ]
141 silly gunzTarPerm extractEntry test/browser/runner-rootpath.js
142 silly gunzTarPerm modified mode [ 'test/browser/runner-rootpath.js', 438, 420 ]
143 silly gunzTarPerm extractEntry test/browser/jasmine.js
144 silly gunzTarPerm modified mode [ 'test/browser/jasmine.js', 438, 420 ]
145 silly gunzTarPerm extractEntry test/browser/runner-rootpath-relative.js
146 silly gunzTarPerm modified mode [ 'test/browser/runner-rootpath-relative.js', 438, 420 ]
147 silly gunzTarPerm extractEntry test/browser/runner-relative-urls.js
148 silly gunzTarPerm modified mode [ 'test/browser/runner-relative-urls.js', 438, 420 ]
149 silly gunzTarPerm extractEntry test/browser/runner-browser.js
150 silly gunzTarPerm modified mode [ 'test/browser/runner-browser.js', 438, 420 ]
151 silly gunzTarPerm extractEntry test/browser/runner-main.js
152 silly gunzTarPerm modified mode [ 'test/browser/runner-main.js', 438, 420 ]
153 silly gunzTarPerm extractEntry test/browser/phantom-runner.js
154 silly gunzTarPerm modified mode [ 'test/browser/phantom-runner.js', 438, 420 ]
155 silly gunzTarPerm extractEntry test/browser/css/relative-urls/urls.css
156 silly gunzTarPerm modified mode [ 'test/browser/css/relative-urls/urls.css', 438, 420 ]
157 silly gunzTarPerm extractEntry test/browser/css/rootpath/urls.css
158 silly gunzTarPerm modified mode [ 'test/browser/css/rootpath/urls.css', 438, 420 ]
159 silly gunzTarPerm extractEntry test/browser/css/rootpath-relative/urls.css
160 silly gunzTarPerm modified mode [ 'test/browser/css/rootpath-relative/urls.css', 438, 420 ]
161 silly gunzTarPerm extractEntry test/browser/css/urls.css
162 silly gunzTarPerm modified mode [ 'test/browser/css/urls.css', 438, 420 ]
163 silly gunzTarPerm extractEntry test/browser/less/imports/urls.less
164 silly gunzTarPerm modified mode [ 'test/browser/less/imports/urls.less', 438, 420 ]
165 silly gunzTarPerm extractEntry test/browser/less/imports/urls2.less
166 silly gunzTarPerm modified mode [ 'test/browser/less/imports/urls2.less', 438, 420 ]
167 silly gunzTarPerm extractEntry test/browser/less/relative-urls/urls.less
168 silly gunzTarPerm modified mode [ 'test/browser/less/relative-urls/urls.less', 438, 420 ]
169 silly gunzTarPerm extractEntry test/browser/less/rootpath/urls.less
170 silly gunzTarPerm modified mode [ 'test/browser/less/rootpath/urls.less', 438, 420 ]
171 silly gunzTarPerm extractEntry test/browser/less/rootpath-relative/urls.less
172 silly gunzTarPerm modified mode [ 'test/browser/less/rootpath-relative/urls.less', 438, 420 ]
173 silly gunzTarPerm extractEntry test/browser/less/urls.less
174 silly gunzTarPerm modified mode [ 'test/browser/less/urls.less', 438, 420 ]
175 silly gunzTarPerm extractEntry test/browser/jasmine.css
176 silly gunzTarPerm modified mode [ 'test/browser/jasmine.css', 438, 420 ]
177 silly gunzTarPerm extractEntry test/browser/template.htm
178 silly gunzTarPerm modified mode [ 'test/browser/template.htm', 438, 420 ]
179 silly gunzTarPerm extractEntry test/css/mixins-guards.css
180 silly gunzTarPerm modified mode [ 'test/css/mixins-guards.css', 438, 420 ]
181 silly gunzTarPerm extractEntry test/css/charsets.css
182 silly gunzTarPerm modified mode [ 'test/css/charsets.css', 438, 420 ]
183 silly gunzTarPerm extractEntry test/css/comments.css
184 silly gunzTarPerm modified mode [ 'test/css/comments.css', 438, 420 ]
185 silly gunzTarPerm extractEntry test/css/css-3.css
186 silly gunzTarPerm modified mode [ 'test/css/css-3.css', 438, 420 ]
187 silly gunzTarPerm extractEntry test/css/css-escapes.css
188 silly gunzTarPerm modified mode [ 'test/css/css-escapes.css', 438, 420 ]
189 silly gunzTarPerm extractEntry test/css/css.css
190 silly gunzTarPerm modified mode [ 'test/css/css.css', 438, 420 ]
191 silly gunzTarPerm extractEntry test/css/debug/linenumbers-all.css
192 silly gunzTarPerm modified mode [ 'test/css/debug/linenumbers-all.css', 438, 420 ]
193 silly gunzTarPerm extractEntry test/css/debug/linenumbers-comments.css
194 silly gunzTarPerm modified mode [ 'test/css/debug/linenumbers-comments.css', 438, 420 ]
195 silly gunzTarPerm extractEntry test/css/debug/linenumbers-mediaquery.css
196 silly gunzTarPerm modified mode [ 'test/css/debug/linenumbers-mediaquery.css', 438, 420 ]
197 silly gunzTarPerm extractEntry test/css/functions.css
198 silly gunzTarPerm modified mode [ 'test/css/functions.css', 438, 420 ]
199 silly gunzTarPerm extractEntry test/css/ie-filters.css
200 silly gunzTarPerm modified mode [ 'test/css/ie-filters.css', 438, 420 ]
201 silly gunzTarPerm extractEntry test/css/import-once.css
202 silly gunzTarPerm modified mode [ 'test/css/import-once.css', 438, 420 ]
203 silly gunzTarPerm extractEntry test/css/import.css
204 silly gunzTarPerm modified mode [ 'test/css/import.css', 438, 420 ]
205 silly gunzTarPerm extractEntry test/css/javascript.css
206 silly gunzTarPerm modified mode [ 'test/css/javascript.css', 438, 420 ]
207 silly gunzTarPerm extractEntry test/css/lazy-eval.css
208 silly gunzTarPerm modified mode [ 'test/css/lazy-eval.css', 438, 420 ]
209 silly gunzTarPerm extractEntry test/css/media.css
210 silly gunzTarPerm modified mode [ 'test/css/media.css', 438, 420 ]
211 silly gunzTarPerm extractEntry test/css/mixins-args.css
212 silly gunzTarPerm modified mode [ 'test/css/mixins-args.css', 438, 420 ]
213 silly gunzTarPerm extractEntry test/css/mixins-closure.css
214 silly gunzTarPerm modified mode [ 'test/css/mixins-closure.css', 438, 420 ]
215 silly gunzTarPerm extractEntry test/css/colors.css
216 silly gunzTarPerm modified mode [ 'test/css/colors.css', 438, 420 ]
217 silly gunzTarPerm extractEntry test/css/mixins-important.css
218 silly gunzTarPerm modified mode [ 'test/css/mixins-important.css', 438, 420 ]
219 silly gunzTarPerm extractEntry test/css/mixins-named-args.css
220 silly gunzTarPerm modified mode [ 'test/css/mixins-named-args.css', 438, 420 ]
221 silly gunzTarPerm extractEntry test/css/mixins-nested.css
222 silly gunzTarPerm modified mode [ 'test/css/mixins-nested.css', 438, 420 ]
223 silly gunzTarPerm extractEntry test/css/mixins-pattern.css
224 silly gunzTarPerm modified mode [ 'test/css/mixins-pattern.css', 438, 420 ]
225 silly gunzTarPerm extractEntry test/css/mixins.css
226 silly gunzTarPerm modified mode [ 'test/css/mixins.css', 438, 420 ]
227 silly gunzTarPerm extractEntry test/css/operations.css
228 silly gunzTarPerm modified mode [ 'test/css/operations.css', 438, 420 ]
229 silly gunzTarPerm extractEntry test/css/parens.css
230 silly gunzTarPerm modified mode [ 'test/css/parens.css', 438, 420 ]
231 silly gunzTarPerm extractEntry test/css/rulesets.css
232 silly gunzTarPerm modified mode [ 'test/css/rulesets.css', 438, 420 ]
233 silly gunzTarPerm extractEntry test/css/scope.css
234 silly gunzTarPerm modified mode [ 'test/css/scope.css', 438, 420 ]
235 silly gunzTarPerm extractEntry test/css/selectors.css
236 silly gunzTarPerm modified mode [ 'test/css/selectors.css', 438, 420 ]
237 silly gunzTarPerm extractEntry test/css/static-urls/urls.css
238 silly gunzTarPerm modified mode [ 'test/css/static-urls/urls.css', 438, 420 ]
239 silly gunzTarPerm extractEntry test/css/strings.css
240 silly gunzTarPerm modified mode [ 'test/css/strings.css', 438, 420 ]
241 silly gunzTarPerm extractEntry test/css/urls.css
242 silly gunzTarPerm modified mode [ 'test/css/urls.css', 438, 420 ]
243 silly gunzTarPerm extractEntry test/css/variables.css
244 silly gunzTarPerm modified mode [ 'test/css/variables.css', 438, 420 ]
245 silly gunzTarPerm extractEntry test/css/whitespace.css
246 silly gunzTarPerm modified mode [ 'test/css/whitespace.css', 438, 420 ]
247 silly gunzTarPerm extractEntry test/less/mixins-closure.less
248 silly gunzTarPerm modified mode [ 'test/less/mixins-closure.less', 438, 420 ]
249 silly gunzTarPerm extractEntry test/less/charsets.less
250 silly gunzTarPerm modified mode [ 'test/less/charsets.less', 438, 420 ]
251 silly gunzTarPerm extractEntry test/less/comments.less
252 silly gunzTarPerm modified mode [ 'test/less/comments.less', 438, 420 ]
253 silly gunzTarPerm extractEntry test/less/css-3.less
254 silly gunzTarPerm modified mode [ 'test/less/css-3.less', 438, 420 ]
255 silly gunzTarPerm extractEntry test/less/css-escapes.less
256 silly gunzTarPerm modified mode [ 'test/less/css-escapes.less', 438, 420 ]
257 silly gunzTarPerm extractEntry test/less/css.less
258 silly gunzTarPerm modified mode [ 'test/less/css.less', 438, 420 ]
259 silly gunzTarPerm extractEntry test/less/debug/import/test.less
260 silly gunzTarPerm modified mode [ 'test/less/debug/import/test.less', 438, 420 ]
261 silly gunzTarPerm extractEntry test/less/debug/linenumbers.less
262 silly gunzTarPerm modified mode [ 'test/less/debug/linenumbers.less', 438, 420 ]
263 silly gunzTarPerm extractEntry test/less/errors/mixed-mixin-definition-args-2.less
264 silly gunzTarPerm modified mode [ 'test/less/errors/mixed-mixin-definition-args-2.less',
264 silly gunzTarPerm   438,
264 silly gunzTarPerm   420 ]
265 silly gunzTarPerm extractEntry test/less/errors/bad-variable-declaration1.less
266 silly gunzTarPerm modified mode [ 'test/less/errors/bad-variable-declaration1.less', 438, 420 ]
267 silly gunzTarPerm extractEntry test/less/errors/comment-in-selector.less
268 silly gunzTarPerm modified mode [ 'test/less/errors/comment-in-selector.less', 438, 420 ]
269 silly gunzTarPerm extractEntry test/less/errors/comment-in-selector.txt
270 silly gunzTarPerm modified mode [ 'test/less/errors/comment-in-selector.txt', 438, 420 ]
271 silly gunzTarPerm extractEntry test/less/errors/import-missing.less
272 silly gunzTarPerm modified mode [ 'test/less/errors/import-missing.less', 438, 420 ]
273 silly gunzTarPerm extractEntry test/less/errors/import-missing.txt
274 silly gunzTarPerm modified mode [ 'test/less/errors/import-missing.txt', 438, 420 ]
275 silly gunzTarPerm extractEntry test/less/errors/import-no-semi.less
276 silly gunzTarPerm modified mode [ 'test/less/errors/import-no-semi.less', 438, 420 ]
277 silly gunzTarPerm extractEntry test/less/errors/import-no-semi.txt
278 silly gunzTarPerm modified mode [ 'test/less/errors/import-no-semi.txt', 438, 420 ]
279 silly gunzTarPerm extractEntry test/less/errors/import-subfolder1.less
280 silly gunzTarPerm modified mode [ 'test/less/errors/import-subfolder1.less', 438, 420 ]
281 silly gunzTarPerm extractEntry test/less/errors/import-subfolder1.txt
282 silly gunzTarPerm modified mode [ 'test/less/errors/import-subfolder1.txt', 438, 420 ]
283 silly gunzTarPerm extractEntry test/less/errors/import-subfolder2.less
284 silly gunzTarPerm modified mode [ 'test/less/errors/import-subfolder2.less', 438, 420 ]
285 silly gunzTarPerm extractEntry test/less/errors/import-subfolder2.txt
286 silly gunzTarPerm modified mode [ 'test/less/errors/import-subfolder2.txt', 438, 420 ]
287 silly gunzTarPerm extractEntry test/less/errors/imports/import-subfolder1.less
288 silly gunzTarPerm modified mode [ 'test/less/errors/imports/import-subfolder1.less', 438, 420 ]
289 silly gunzTarPerm extractEntry test/less/errors/imports/import-subfolder2.less
290 silly gunzTarPerm modified mode [ 'test/less/errors/imports/import-subfolder2.less', 438, 420 ]
291 silly gunzTarPerm extractEntry test/less/errors/imports/import-test.less
292 silly gunzTarPerm modified mode [ 'test/less/errors/imports/import-test.less', 438, 420 ]
293 silly gunzTarPerm extractEntry test/less/errors/imports/subfolder/mixin-not-defined.less
294 silly gunzTarPerm modified mode [ 'test/less/errors/imports/subfolder/mixin-not-defined.less',
294 silly gunzTarPerm   438,
294 silly gunzTarPerm   420 ]
295 silly gunzTarPerm extractEntry test/less/errors/imports/subfolder/parse-error-curly-bracket.less
296 silly gunzTarPerm modified mode [ 'test/less/errors/imports/subfolder/parse-error-curly-bracket.less',
296 silly gunzTarPerm   438,
296 silly gunzTarPerm   420 ]
297 silly gunzTarPerm extractEntry test/less/errors/javascript-error.less
298 silly gunzTarPerm modified mode [ 'test/less/errors/javascript-error.less', 438, 420 ]
299 silly gunzTarPerm extractEntry test/less/errors/javascript-error.txt
300 silly gunzTarPerm modified mode [ 'test/less/errors/javascript-error.txt', 438, 420 ]
301 silly gunzTarPerm extractEntry test/less/errors/mixed-mixin-definition-args-1.less
302 silly gunzTarPerm modified mode [ 'test/less/errors/mixed-mixin-definition-args-1.less',
302 silly gunzTarPerm   438,
302 silly gunzTarPerm   420 ]
303 silly gunzTarPerm extractEntry test/less/errors/mixed-mixin-definition-args-1.txt
304 silly gunzTarPerm modified mode [ 'test/less/errors/mixed-mixin-definition-args-1.txt',
304 silly gunzTarPerm   438,
304 silly gunzTarPerm   420 ]
305 silly gunzTarPerm extractEntry test/less/errors/bad-variable-declaration1.txt
306 silly gunzTarPerm modified mode [ 'test/less/errors/bad-variable-declaration1.txt', 438, 420 ]
307 silly gunzTarPerm extractEntry test/less/errors/mixed-mixin-definition-args-2.txt
308 silly gunzTarPerm modified mode [ 'test/less/errors/mixed-mixin-definition-args-2.txt',
308 silly gunzTarPerm   438,
308 silly gunzTarPerm   420 ]
309 silly gunzTarPerm extractEntry test/less/errors/mixin-not-defined.less
310 silly gunzTarPerm modified mode [ 'test/less/errors/mixin-not-defined.less', 438, 420 ]
311 silly gunzTarPerm extractEntry test/less/errors/mixin-not-defined.txt
312 silly gunzTarPerm modified mode [ 'test/less/errors/mixin-not-defined.txt', 438, 420 ]
313 silly gunzTarPerm extractEntry test/less/errors/mixin-not-matched.less
314 silly gunzTarPerm modified mode [ 'test/less/errors/mixin-not-matched.less', 438, 420 ]
315 silly gunzTarPerm extractEntry test/less/errors/mixin-not-matched.txt
316 silly gunzTarPerm modified mode [ 'test/less/errors/mixin-not-matched.txt', 438, 420 ]
317 silly gunzTarPerm extractEntry test/less/errors/mixin-not-matched2.less
318 silly gunzTarPerm modified mode [ 'test/less/errors/mixin-not-matched2.less', 438, 420 ]
319 silly gunzTarPerm extractEntry test/less/errors/mixin-not-matched2.txt
320 silly gunzTarPerm modified mode [ 'test/less/errors/mixin-not-matched2.txt', 438, 420 ]
321 silly gunzTarPerm extractEntry test/less/errors/parse-error-curly-bracket.less
322 silly gunzTarPerm modified mode [ 'test/less/errors/parse-error-curly-bracket.less', 438, 420 ]
323 silly gunzTarPerm extractEntry test/less/errors/parse-error-curly-bracket.txt
324 silly gunzTarPerm modified mode [ 'test/less/errors/parse-error-curly-bracket.txt', 438, 420 ]
325 silly gunzTarPerm extractEntry test/less/errors/parse-error-missing-bracket.less
326 silly gunzTarPerm modified mode [ 'test/less/errors/parse-error-missing-bracket.less', 438, 420 ]
327 silly gunzTarPerm extractEntry test/less/errors/parse-error-missing-bracket.txt
328 silly gunzTarPerm modified mode [ 'test/less/errors/parse-error-missing-bracket.txt', 438, 420 ]
329 silly gunzTarPerm extractEntry test/less/errors/parse-error-with-import.less
330 silly gunzTarPerm modified mode [ 'test/less/errors/parse-error-with-import.less', 438, 420 ]
331 silly gunzTarPerm extractEntry test/less/errors/parse-error-with-import.txt
332 silly gunzTarPerm modified mode [ 'test/less/errors/parse-error-with-import.txt', 438, 420 ]
333 silly gunzTarPerm extractEntry test/less/errors/property-ie5-hack.less
334 silly gunzTarPerm modified mode [ 'test/less/errors/property-ie5-hack.less', 438, 420 ]
335 silly gunzTarPerm extractEntry test/less/errors/property-ie5-hack.txt
336 silly gunzTarPerm modified mode [ 'test/less/errors/property-ie5-hack.txt', 438, 420 ]
337 silly gunzTarPerm extractEntry test/less/errors/recursive-variable.less
338 silly gunzTarPerm modified mode [ 'test/less/errors/recursive-variable.less', 438, 420 ]
339 silly gunzTarPerm extractEntry test/less/errors/recursive-variable.txt
340 silly gunzTarPerm modified mode [ 'test/less/errors/recursive-variable.txt', 438, 420 ]
341 silly gunzTarPerm extractEntry test/less/functions.less
342 silly gunzTarPerm modified mode [ 'test/less/functions.less', 438, 420 ]
343 silly gunzTarPerm extractEntry test/less/ie-filters.less
344 silly gunzTarPerm modified mode [ 'test/less/ie-filters.less', 438, 420 ]
345 silly gunzTarPerm extractEntry test/less/import/import-test-b.less
346 silly gunzTarPerm modified mode [ 'test/less/import/import-test-b.less', 438, 420 ]
347 silly gunzTarPerm extractEntry test/less/import/deeper/import-once-test-a.less
348 silly gunzTarPerm modified mode [ 'test/less/import/deeper/import-once-test-a.less', 438, 420 ]
349 silly gunzTarPerm extractEntry test/less/import/import-charset-test.less
350 silly gunzTarPerm modified mode [ 'test/less/import/import-charset-test.less', 438, 420 ]
351 silly gunzTarPerm extractEntry test/less/import/import-once-test-c.less
352 silly gunzTarPerm modified mode [ 'test/less/import/import-once-test-c.less', 438, 420 ]
353 silly gunzTarPerm extractEntry test/less/import/import-test-a.less
354 silly gunzTarPerm modified mode [ 'test/less/import/import-test-a.less', 438, 420 ]
355 silly gunzTarPerm extractEntry test/less/import/import-and-relative-paths-test.less
356 silly gunzTarPerm modified mode [ 'test/less/import/import-and-relative-paths-test.less',
356 silly gunzTarPerm   438,
356 silly gunzTarPerm   420 ]
357 silly gunzTarPerm extractEntry test/less/import/import-test-c.less
358 silly gunzTarPerm modified mode [ 'test/less/import/import-test-c.less', 438, 420 ]
359 silly gunzTarPerm extractEntry test/less/import/import-test-d.css
360 silly gunzTarPerm modified mode [ 'test/less/import/import-test-d.css', 438, 420 ]
361 silly gunzTarPerm extractEntry test/less/import/import-test-e.less
362 silly gunzTarPerm modified mode [ 'test/less/import/import-test-e.less', 438, 420 ]
363 silly gunzTarPerm extractEntry test/less/import/imports/font.less
364 silly gunzTarPerm modified mode [ 'test/less/import/imports/font.less', 438, 420 ]
365 silly gunzTarPerm extractEntry test/less/import/imports/logo.less
366 silly gunzTarPerm modified mode [ 'test/less/import/imports/logo.less', 438, 420 ]
367 silly gunzTarPerm extractEntry test/less/import/urls.less
368 silly gunzTarPerm modified mode [ 'test/less/import/urls.less', 438, 420 ]
369 silly gunzTarPerm extractEntry test/less/import-once.less
370 silly gunzTarPerm modified mode [ 'test/less/import-once.less', 438, 420 ]
371 silly gunzTarPerm extractEntry test/less/import.less
372 silly gunzTarPerm modified mode [ 'test/less/import.less', 438, 420 ]
373 silly gunzTarPerm extractEntry test/less/javascript.less
374 silly gunzTarPerm modified mode [ 'test/less/javascript.less', 438, 420 ]
375 silly gunzTarPerm extractEntry test/less/lazy-eval.less
376 silly gunzTarPerm modified mode [ 'test/less/lazy-eval.less', 438, 420 ]
377 silly gunzTarPerm extractEntry test/less/media.less
378 silly gunzTarPerm modified mode [ 'test/less/media.less', 438, 420 ]
379 silly gunzTarPerm extractEntry test/less/mixins-args.less
380 silly gunzTarPerm modified mode [ 'test/less/mixins-args.less', 438, 420 ]
381 silly gunzTarPerm extractEntry test/less/colors.less
382 silly gunzTarPerm modified mode [ 'test/less/colors.less', 438, 420 ]
383 silly gunzTarPerm extractEntry test/less/mixins-guards.less
384 silly gunzTarPerm modified mode [ 'test/less/mixins-guards.less', 438, 420 ]
385 silly gunzTarPerm extractEntry test/less/mixins-important.less
386 silly gunzTarPerm modified mode [ 'test/less/mixins-important.less', 438, 420 ]
387 silly gunzTarPerm extractEntry test/less/mixins-named-args.less
388 silly gunzTarPerm modified mode [ 'test/less/mixins-named-args.less', 438, 420 ]
389 silly gunzTarPerm extractEntry test/less/mixins-nested.less
390 silly gunzTarPerm modified mode [ 'test/less/mixins-nested.less', 438, 420 ]
391 silly gunzTarPerm extractEntry test/less/mixins-pattern.less
392 silly gunzTarPerm modified mode [ 'test/less/mixins-pattern.less', 438, 420 ]
393 silly gunzTarPerm extractEntry test/less/mixins.less
394 silly gunzTarPerm modified mode [ 'test/less/mixins.less', 438, 420 ]
395 silly gunzTarPerm extractEntry test/less/operations.less
396 silly gunzTarPerm modified mode [ 'test/less/operations.less', 438, 420 ]
397 silly gunzTarPerm extractEntry test/less/parens.less
398 silly gunzTarPerm modified mode [ 'test/less/parens.less', 438, 420 ]
399 silly gunzTarPerm extractEntry test/less/rulesets.less
400 silly gunzTarPerm modified mode [ 'test/less/rulesets.less', 438, 420 ]
401 silly gunzTarPerm extractEntry test/less/scope.less
402 silly gunzTarPerm modified mode [ 'test/less/scope.less', 438, 420 ]
403 silly gunzTarPerm extractEntry test/less/selectors.less
404 silly gunzTarPerm modified mode [ 'test/less/selectors.less', 438, 420 ]
405 silly gunzTarPerm extractEntry test/less/static-urls/urls.less
406 silly gunzTarPerm modified mode [ 'test/less/static-urls/urls.less', 438, 420 ]
407 silly gunzTarPerm extractEntry test/less/strings.less
408 silly gunzTarPerm modified mode [ 'test/less/strings.less', 438, 420 ]
409 silly gunzTarPerm extractEntry test/less/urls.less
410 silly gunzTarPerm modified mode [ 'test/less/urls.less', 438, 420 ]
411 silly gunzTarPerm extractEntry test/less/variables.less
412 silly gunzTarPerm modified mode [ 'test/less/variables.less', 438, 420 ]
413 silly gunzTarPerm extractEntry test/less/whitespace.less
414 silly gunzTarPerm modified mode [ 'test/less/whitespace.less', 438, 420 ]
415 silly gunzTarPerm extractEntry Makefile
416 silly gunzTarPerm modified mode [ 'Makefile', 438, 420 ]
417 silly gunzTarPerm extractEntry bin/lessc
418 silly gunzTarPerm modified mode [ 'bin/lessc', 438, 420 ]
419 silly gunzTarPerm extractEntry build/amd.js
420 silly gunzTarPerm modified mode [ 'build/amd.js', 438, 420 ]
421 silly gunzTarPerm extractEntry build/ecma-5.js
422 silly gunzTarPerm modified mode [ 'build/ecma-5.js', 438, 420 ]
423 silly gunzTarPerm extractEntry build/header.js
424 silly gunzTarPerm modified mode [ 'build/header.js', 438, 420 ]
425 silly gunzTarPerm extractEntry build/require-rhino.js
426 silly gunzTarPerm modified mode [ 'build/require-rhino.js', 438, 420 ]
427 silly gunzTarPerm extractEntry build/require.js
428 silly gunzTarPerm modified mode [ 'build/require.js', 438, 420 ]
429 verbose read json /var/folders/4l/ts340m9s2ss9qhcmk4kbyb1r0000gn/T/npm-655/1369320540572-0.45773283345624804/package/package.json
430 silly lockFile 55fbf819-0572-0-45773283345624804-package /var/folders/4l/ts340m9s2ss9qhcmk4kbyb1r0000gn/T/npm-655/1369320540572-0.45773283345624804/package
431 silly lockFile 55fbf819-0572-0-45773283345624804-package /var/folders/4l/ts340m9s2ss9qhcmk4kbyb1r0000gn/T/npm-655/1369320540572-0.45773283345624804/package
432 silly lockFile bac2a15e-0572-0-45773283345624804-tmp-tgz /var/folders/4l/ts340m9s2ss9qhcmk4kbyb1r0000gn/T/npm-655/1369320540572-0.45773283345624804/tmp.tgz
433 silly lockFile bac2a15e-0572-0-45773283345624804-tmp-tgz /var/folders/4l/ts340m9s2ss9qhcmk4kbyb1r0000gn/T/npm-655/1369320540572-0.45773283345624804/tmp.tgz
434 verbose from cache /var/folders/4l/ts340m9s2ss9qhcmk4kbyb1r0000gn/T/npm-655/1369320540572-0.45773283345624804/package/package.json
435 verbose tar pack [ '/Users/daniruizcallado/.npm/less/1.3.3/package.tgz',
435 verbose tar pack   '/var/folders/4l/ts340m9s2ss9qhcmk4kbyb1r0000gn/T/npm-655/1369320540572-0.45773283345624804/package' ]
436 verbose tarball /Users/daniruizcallado/.npm/less/1.3.3/package.tgz
437 verbose folder /var/folders/4l/ts340m9s2ss9qhcmk4kbyb1r0000gn/T/npm-655/1369320540572-0.45773283345624804/package
438 silly lockFile 55fbf819-0572-0-45773283345624804-package /var/folders/4l/ts340m9s2ss9qhcmk4kbyb1r0000gn/T/npm-655/1369320540572-0.45773283345624804/package
439 verbose lock /var/folders/4l/ts340m9s2ss9qhcmk4kbyb1r0000gn/T/npm-655/1369320540572-0.45773283345624804/package /Users/daniruizcallado/.npm/55fbf819-0572-0-45773283345624804-package.lock
440 silly lockFile 31c329c9-llado-npm-less-1-3-3-package-tgz /Users/daniruizcallado/.npm/less/1.3.3/package.tgz
441 verbose lock /Users/daniruizcallado/.npm/less/1.3.3/package.tgz /Users/daniruizcallado/.npm/31c329c9-llado-npm-less-1-3-3-package-tgz.lock
442 silly lockFile 55fbf819-0572-0-45773283345624804-package /var/folders/4l/ts340m9s2ss9qhcmk4kbyb1r0000gn/T/npm-655/1369320540572-0.45773283345624804/package
443 silly lockFile 55fbf819-0572-0-45773283345624804-package /var/folders/4l/ts340m9s2ss9qhcmk4kbyb1r0000gn/T/npm-655/1369320540572-0.45773283345624804/package
444 silly lockFile 31c329c9-llado-npm-less-1-3-3-package-tgz /Users/daniruizcallado/.npm/less/1.3.3/package.tgz
445 silly lockFile 31c329c9-llado-npm-less-1-3-3-package-tgz /Users/daniruizcallado/.npm/less/1.3.3/package.tgz
446 silly lockFile ab5d3c53-izcallado-npm-less-1-3-3-package /Users/daniruizcallado/.npm/less/1.3.3/package
447 verbose lock /Users/daniruizcallado/.npm/less/1.3.3/package /Users/daniruizcallado/.npm/ab5d3c53-izcallado-npm-less-1-3-3-package.lock
448 silly lockFile ab5d3c53-izcallado-npm-less-1-3-3-package /Users/daniruizcallado/.npm/less/1.3.3/package
449 silly lockFile ab5d3c53-izcallado-npm-less-1-3-3-package /Users/daniruizcallado/.npm/less/1.3.3/package
450 verbose tar unpack /Users/daniruizcallado/.npm/less/1.3.3/package.tgz
451 silly lockFile ab5d3c53-izcallado-npm-less-1-3-3-package /Users/daniruizcallado/.npm/less/1.3.3/package
452 verbose lock /Users/daniruizcallado/.npm/less/1.3.3/package /Users/daniruizcallado/.npm/ab5d3c53-izcallado-npm-less-1-3-3-package.lock
453 silly lockFile 31c329c9-llado-npm-less-1-3-3-package-tgz /Users/daniruizcallado/.npm/less/1.3.3/package.tgz
454 verbose lock /Users/daniruizcallado/.npm/less/1.3.3/package.tgz /Users/daniruizcallado/.npm/31c329c9-llado-npm-less-1-3-3-package-tgz.lock
455 silly gunzTarPerm modes [ '755', '644' ]
456 silly gunzTarPerm extractEntry package.json
457 silly gunzTarPerm extractEntry .npmignore
458 silly gunzTarPerm extractEntry README.md
459 silly gunzTarPerm extractEntry LICENSE
460 silly gunzTarPerm extractEntry Makefile
461 silly gunzTarPerm extractEntry CONTRIBUTING.md
462 silly gunzTarPerm extractEntry CHANGELOG.md
463 silly gunzTarPerm extractEntry bin/lessc
464 silly gunzTarPerm extractEntry build/amd.js
465 silly gunzTarPerm extractEntry build/ecma-5.js
466 silly gunzTarPerm extractEntry build/header.js
467 silly gunzTarPerm extractEntry build/require-rhino.js
468 silly gunzTarPerm extractEntry build/require.js
469 silly gunzTarPerm extractEntry lib/less/browser.js
470 silly gunzTarPerm extractEntry lib/less/colors.js
471 silly gunzTarPerm extractEntry lib/less/functions.js
472 silly gunzTarPerm extractEntry lib/less/index.js
473 silly gunzTarPerm extractEntry lib/less/lessc_helper.js
474 silly gunzTarPerm extractEntry lib/less/parser.js
475 silly gunzTarPerm extractEntry lib/less/rhino.js
476 silly gunzTarPerm extractEntry lib/less/tree.js
477 silly gunzTarPerm extractEntry lib/less/tree/alpha.js
478 silly gunzTarPerm extractEntry lib/less/tree/expression.js
479 silly gunzTarPerm extractEntry lib/less/tree/import.js
480 silly gunzTarPerm extractEntry lib/less/tree/javascript.js
481 silly gunzTarPerm extractEntry lib/less/tree/element.js
482 silly gunzTarPerm extractEntry lib/less/tree/media.js
483 silly gunzTarPerm extractEntry lib/less/tree/mixin.js
484 silly gunzTarPerm extractEntry lib/less/tree/operation.js
485 silly gunzTarPerm extractEntry lib/less/tree/paren.js
486 silly gunzTarPerm extractEntry lib/less/tree/quoted.js
487 silly gunzTarPerm extractEntry lib/less/tree/directive.js
488 silly gunzTarPerm extractEntry lib/less/tree/ratio.js
489 silly gunzTarPerm extractEntry lib/less/tree/dimension.js
490 silly gunzTarPerm extractEntry lib/less/tree/rule.js
491 silly gunzTarPerm extractEntry lib/less/tree/condition.js
492 silly gunzTarPerm extractEntry lib/less/tree/ruleset.js
493 silly gunzTarPerm extractEntry lib/less/tree/comment.js
494 silly gunzTarPerm extractEntry lib/less/tree/selector.js
495 silly gunzTarPerm extractEntry lib/less/tree/color.js
496 silly gunzTarPerm extractEntry lib/less/tree/unicode-descriptor.js
497 silly gunzTarPerm extractEntry lib/less/tree/call.js
498 silly gunzTarPerm extractEntry lib/less/tree/url.js
499 silly gunzTarPerm extractEntry lib/less/tree/assignment.js
500 silly gunzTarPerm extractEntry lib/less/tree/value.js
501 silly gunzTarPerm extractEntry lib/less/tree/anonymous.js
502 silly gunzTarPerm extractEntry lib/less/tree/variable.js
503 silly gunzTarPerm extractEntry lib/less/tree/keyword.js
504 silly gunzTarPerm extractEntry test/browser-test-prepare.js
505 silly gunzTarPerm extractEntry test/less-test.js
506 silly gunzTarPerm extractEntry test/browser/common.js
507 silly gunzTarPerm extractEntry test/browser/jasmine-html.js
508 silly gunzTarPerm extractEntry test/browser/runner-rootpath.js
509 silly gunzTarPerm extractEntry test/browser/jasmine.js
510 silly gunzTarPerm extractEntry test/browser/runner-rootpath-relative.js
511 silly gunzTarPerm extractEntry test/browser/runner-relative-urls.js
512 silly gunzTarPerm extractEntry test/browser/runner-browser.js
513 silly gunzTarPerm extractEntry test/browser/runner-main.js
514 silly gunzTarPerm extractEntry test/browser/phantom-runner.js
515 silly gunzTarPerm extractEntry test/browser/css/relative-urls/urls.css
516 silly gunzTarPerm extractEntry test/browser/css/rootpath/urls.css
517 silly gunzTarPerm extractEntry test/browser/css/rootpath-relative/urls.css
518 silly gunzTarPerm extractEntry test/browser/css/urls.css
519 silly gunzTarPerm extractEntry test/browser/less/imports/urls.less
520 silly gunzTarPerm extractEntry test/browser/less/imports/urls2.less
521 silly gunzTarPerm extractEntry test/browser/less/relative-urls/urls.less
522 silly gunzTarPerm extractEntry test/browser/less/rootpath/urls.less
523 silly gunzTarPerm extractEntry test/browser/less/rootpath-relative/urls.less
524 silly gunzTarPerm extractEntry test/browser/less/urls.less
525 silly gunzTarPerm extractEntry test/browser/jasmine.css
526 silly gunzTarPerm extractEntry test/browser/template.htm
527 silly gunzTarPerm extractEntry test/css/mixins-guards.css
528 silly gunzTarPerm extractEntry test/css/charsets.css
529 silly gunzTarPerm extractEntry test/css/comments.css
530 silly gunzTarPerm extractEntry test/css/css-3.css
531 silly gunzTarPerm extractEntry test/css/css-escapes.css
532 silly gunzTarPerm extractEntry test/css/css.css
533 silly gunzTarPerm extractEntry test/css/debug/linenumbers-all.css
534 silly gunzTarPerm extractEntry test/css/debug/linenumbers-comments.css
535 silly gunzTarPerm extractEntry test/css/debug/linenumbers-mediaquery.css
536 silly gunzTarPerm extractEntry test/css/functions.css
537 silly gunzTarPerm extractEntry test/css/ie-filters.css
538 silly gunzTarPerm extractEntry test/css/import-once.css
539 silly gunzTarPerm extractEntry test/css/import.css
540 silly gunzTarPerm extractEntry test/css/javascript.css
541 silly gunzTarPerm extractEntry test/css/lazy-eval.css
542 silly gunzTarPerm extractEntry test/css/media.css
543 silly gunzTarPerm extractEntry test/css/mixins-args.css
544 silly gunzTarPerm extractEntry test/css/mixins-closure.css
545 silly gunzTarPerm extractEntry test/css/colors.css
546 silly gunzTarPerm extractEntry test/css/mixins-important.css
547 silly gunzTarPerm extractEntry test/css/mixins-named-args.css
548 silly gunzTarPerm extractEntry test/css/mixins-nested.css
549 silly gunzTarPerm extractEntry test/css/mixins-pattern.css
550 silly gunzTarPerm extractEntry test/css/mixins.css
551 silly gunzTarPerm extractEntry test/css/operations.css
552 silly gunzTarPerm extractEntry test/css/parens.css
553 silly gunzTarPerm extractEntry test/css/rulesets.css
554 silly gunzTarPerm extractEntry test/css/scope.css
555 silly gunzTarPerm extractEntry test/css/selectors.css
556 silly gunzTarPerm extractEntry test/css/static-urls/urls.css
557 silly gunzTarPerm extractEntry test/css/strings.css
558 silly gunzTarPerm extractEntry test/css/urls.css
559 silly gunzTarPerm extractEntry test/css/variables.css
560 silly gunzTarPerm extractEntry test/css/whitespace.css
561 silly gunzTarPerm extractEntry test/less/mixins-closure.less
562 silly gunzTarPerm extractEntry test/less/charsets.less
563 silly gunzTarPerm extractEntry test/less/comments.less
564 silly gunzTarPerm extractEntry test/less/css-3.less
565 silly gunzTarPerm extractEntry test/less/css-escapes.less
566 silly gunzTarPerm extractEntry test/less/css.less
567 silly gunzTarPerm extractEntry test/less/debug/import/test.less
568 silly gunzTarPerm extractEntry test/less/debug/linenumbers.less
569 silly gunzTarPerm extractEntry test/less/errors/mixed-mixin-definition-args-2.less
570 silly gunzTarPerm extractEntry test/less/errors/bad-variable-declaration1.less
571 silly gunzTarPerm extractEntry test/less/errors/comment-in-selector.less
572 silly gunzTarPerm extractEntry test/less/errors/comment-in-selector.txt
573 silly gunzTarPerm extractEntry test/less/errors/import-missing.less
574 silly gunzTarPerm extractEntry test/less/errors/import-missing.txt
575 silly gunzTarPerm extractEntry test/less/errors/import-no-semi.less
576 silly gunzTarPerm extractEntry test/less/errors/import-no-semi.txt
577 silly gunzTarPerm extractEntry test/less/errors/import-subfolder1.less
578 silly gunzTarPerm extractEntry test/less/errors/import-subfolder1.txt
579 silly gunzTarPerm extractEntry test/less/errors/import-subfolder2.less
580 silly gunzTarPerm extractEntry test/less/errors/import-subfolder2.txt
581 silly gunzTarPerm extractEntry test/less/errors/imports/import-subfolder1.less
582 silly gunzTarPerm extractEntry test/less/errors/imports/import-subfolder2.less
583 silly gunzTarPerm extractEntry test/less/errors/imports/import-test.less
584 silly gunzTarPerm extractEntry test/less/errors/imports/subfolder/mixin-not-defined.less
585 silly gunzTarPerm extractEntry test/less/errors/imports/subfolder/parse-error-curly-bracket.less
586 silly gunzTarPerm extractEntry test/less/errors/javascript-error.less
587 silly gunzTarPerm extractEntry test/less/errors/javascript-error.txt
588 silly gunzTarPerm extractEntry test/less/errors/mixed-mixin-definition-args-1.less
589 silly gunzTarPerm extractEntry test/less/errors/mixed-mixin-definition-args-1.txt
590 silly gunzTarPerm extractEntry test/less/errors/bad-variable-declaration1.txt
591 silly gunzTarPerm extractEntry test/less/errors/mixed-mixin-definition-args-2.txt
592 silly gunzTarPerm extractEntry test/less/errors/mixin-not-defined.less
593 silly gunzTarPerm extractEntry test/less/errors/mixin-not-defined.txt
594 silly gunzTarPerm extractEntry test/less/errors/mixin-not-matched.less
595 silly gunzTarPerm extractEntry test/less/errors/mixin-not-matched.txt
596 silly gunzTarPerm extractEntry test/less/errors/mixin-not-matched2.less
597 silly gunzTarPerm extractEntry test/less/errors/mixin-not-matched2.txt
598 silly gunzTarPerm extractEntry test/less/errors/parse-error-curly-bracket.less
599 silly gunzTarPerm extractEntry test/less/errors/parse-error-curly-bracket.txt
600 silly gunzTarPerm extractEntry test/less/errors/parse-error-missing-bracket.less
601 silly gunzTarPerm extractEntry test/less/errors/parse-error-missing-bracket.txt
602 silly gunzTarPerm extractEntry test/less/errors/parse-error-with-import.less
603 silly gunzTarPerm extractEntry test/less/errors/parse-error-with-import.txt
604 silly gunzTarPerm extractEntry test/less/errors/property-ie5-hack.less
605 silly gunzTarPerm extractEntry test/less/errors/property-ie5-hack.txt
606 silly gunzTarPerm extractEntry test/less/errors/recursive-variable.less
607 silly gunzTarPerm extractEntry test/less/errors/recursive-variable.txt
608 silly gunzTarPerm extractEntry test/less/functions.less
609 silly gunzTarPerm extractEntry test/less/ie-filters.less
610 silly gunzTarPerm extractEntry test/less/import/import-test-b.less
611 silly gunzTarPerm extractEntry test/less/import/deeper/import-once-test-a.less
612 silly gunzTarPerm extractEntry test/less/import/import-charset-test.less
613 silly gunzTarPerm extractEntry test/less/import/import-once-test-c.less
614 silly gunzTarPerm extractEntry test/less/import/import-test-a.less
615 silly gunzTarPerm extractEntry test/less/import/import-and-relative-paths-test.less
616 silly gunzTarPerm extractEntry test/less/import/import-test-c.less
617 silly gunzTarPerm extractEntry test/less/import/import-test-d.css
618 silly gunzTarPerm extractEntry test/less/import/import-test-e.less
619 silly gunzTarPerm extractEntry test/less/import/imports/font.less
620 silly gunzTarPerm extractEntry test/less/import/imports/logo.less
621 silly gunzTarPerm extractEntry test/less/import/urls.less
622 silly gunzTarPerm extractEntry test/less/import-once.less
623 silly gunzTarPerm extractEntry test/less/import.less
624 silly gunzTarPerm extractEntry test/less/javascript.less
625 silly gunzTarPerm extractEntry test/less/lazy-eval.less
626 silly gunzTarPerm extractEntry test/less/media.less
627 silly gunzTarPerm extractEntry test/less/mixins-args.less
628 silly gunzTarPerm extractEntry test/less/colors.less
629 silly gunzTarPerm extractEntry test/less/mixins-guards.less
630 silly gunzTarPerm extractEntry test/less/mixins-important.less
631 silly gunzTarPerm extractEntry test/less/mixins-named-args.less
632 silly gunzTarPerm extractEntry test/less/mixins-nested.less
633 silly gunzTarPerm extractEntry test/less/mixins-pattern.less
634 silly gunzTarPerm extractEntry test/less/mixins.less
635 silly gunzTarPerm extractEntry test/less/operations.less
636 silly gunzTarPerm extractEntry test/less/parens.less
637 silly gunzTarPerm extractEntry test/less/rulesets.less
638 silly gunzTarPerm extractEntry test/less/scope.less
639 silly gunzTarPerm extractEntry test/less/selectors.less
640 silly gunzTarPerm extractEntry test/less/static-urls/urls.less
641 silly gunzTarPerm extractEntry test/less/strings.less
642 silly gunzTarPerm extractEntry test/less/urls.less
643 silly gunzTarPerm extractEntry test/less/variables.less
644 silly gunzTarPerm extractEntry test/less/whitespace.less
645 silly gunzTarPerm extractEntry benchmark/less-benchmark.js
646 silly gunzTarPerm extractEntry benchmark/benchmark.less
647 verbose read json /Users/daniruizcallado/.npm/less/1.3.3/package/package.json
648 silly lockFile ab5d3c53-izcallado-npm-less-1-3-3-package /Users/daniruizcallado/.npm/less/1.3.3/package
649 silly lockFile ab5d3c53-izcallado-npm-less-1-3-3-package /Users/daniruizcallado/.npm/less/1.3.3/package
650 silly lockFile 31c329c9-llado-npm-less-1-3-3-package-tgz /Users/daniruizcallado/.npm/less/1.3.3/package.tgz
651 silly lockFile 31c329c9-llado-npm-less-1-3-3-package-tgz /Users/daniruizcallado/.npm/less/1.3.3/package.tgz
652 silly shasum updated bytes 65536
653 silly shasum updated bytes 49914
654 info shasum d5384604f3454219aeba8ffa65449fa06cfa7492
654 info shasum /Users/daniruizcallado/.npm/less/1.3.3/package.tgz
655 verbose from cache /Users/daniruizcallado/.npm/less/1.3.3/package/package.json
656 verbose chmod /Users/daniruizcallado/.npm/less/1.3.3/package.tgz 644
657 verbose chown /Users/daniruizcallado/.npm/less/1.3.3/package.tgz [ 501, 20 ]
658 silly lockFile 2aa4d5e7-ry-npmjs-org-less-less-1-3-3-tgz https://registry.npmjs.org/less/-/less-1.3.3.tgz
659 silly lockFile 2aa4d5e7-ry-npmjs-org-less-less-1-3-3-tgz https://registry.npmjs.org/less/-/less-1.3.3.tgz
660 silly lockFile fcd40bce-less-1-3-3 less@1.3.3
661 silly lockFile fcd40bce-less-1-3-3 less@1.3.3
662 silly lockFile e13833ab-less less@
663 silly lockFile e13833ab-less less@
664 silly resolved [ { name: 'less',
664 silly resolved     description: 'Leaner CSS',
664 silly resolved     homepage: 'http://lesscss.org',
664 silly resolved     keywords: [ 'css', 'parser', 'lesscss', 'browser' ],
664 silly resolved     author: { name: 'Alexis Sellier', email: 'self@cloudhead.net' },
664 silly resolved     contributors: [],
664 silly resolved     version: '1.3.3',
664 silly resolved     bin: { lessc: './bin/lessc' },
664 silly resolved     main: './lib/less/index',
664 silly resolved     directories: { test: './test' },
664 silly resolved     engines: { node: '>=0.4.2' },
664 silly resolved     optionalDependencies: { ycssmin: '>=1.0.1' },
664 silly resolved     devDependencies: { diff: '~1.0' },
664 silly resolved     scripts: { test: 'make test' },
664 silly resolved     bugs: { url: 'https://github.com/cloudhead/less.js/issues' },
664 silly resolved     repository: { type: 'git', url: 'https://github.com/cloudhead/less.js.git' },
664 silly resolved     readme: 'less.js\n=======\n\nThe **dynamic** stylesheet language.\n\n<http://lesscss.org>\n\nabout\n-----\n\nThis is the JavaScript, and now official, stable version of LESS.\n\nFor more information, visit <http://lesscss.org>.\n\nlicense\n-------\n\nSee `LICENSE` file.\n\n> Copyright (c) 2009-2011 Alexis Sellier\n',
664 silly resolved     readmeFilename: 'README.md',
664 silly resolved     _id: 'less@1.3.3',
664 silly resolved     dependencies: { ycssmin: '>=1.0.1' },
664 silly resolved     dist: { shasum: 'd5384604f3454219aeba8ffa65449fa06cfa7492' },
664 silly resolved     _from: 'less@',
664 silly resolved     _resolved: 'https://registry.npmjs.org/less/-/less-1.3.3.tgz' } ]
665 info install less@1.3.3 into /usr/local/lib
666 info installOne less@1.3.3
667 verbose from cache /Users/daniruizcallado/.npm/less/1.3.3/package/package.json
668 info /usr/local/lib/node_modules/less unbuild
669 verbose read json /usr/local/lib/node_modules/less/package.json
670 verbose tar unpack /Users/daniruizcallado/.npm/less/1.3.3/package.tgz
671 silly lockFile c2213c90-usr-local-lib-node-modules-less /usr/local/lib/node_modules/less
672 verbose lock /usr/local/lib/node_modules/less /Users/daniruizcallado/.npm/c2213c90-usr-local-lib-node-modules-less.lock
673 silly lockFile 31c329c9-llado-npm-less-1-3-3-package-tgz /Users/daniruizcallado/.npm/less/1.3.3/package.tgz
674 verbose lock /Users/daniruizcallado/.npm/less/1.3.3/package.tgz /Users/daniruizcallado/.npm/31c329c9-llado-npm-less-1-3-3-package-tgz.lock
675 silly gunzTarPerm modes [ '755', '644' ]
676 error Error: EACCES, mkdir '/usr/local/lib/node_modules/less'
676 error  { [Error: EACCES, mkdir '/usr/local/lib/node_modules/less']
676 error   errno: 3,
676 error   code: 'EACCES',
676 error   path: '/usr/local/lib/node_modules/less',
676 error   fstream_type: 'Directory',
676 error   fstream_path: '/usr/local/lib/node_modules/less',
676 error   fstream_class: 'DirWriter',
676 error   fstream_stack:
676 error    [ '/usr/local/lib/node_modules/npm/node_modules/fstream/lib/dir-writer.js:36:23',
676 error      '/usr/local/lib/node_modules/npm/node_modules/mkdirp/index.js:37:53',
676 error      'Object.oncomplete (fs.js:107:15)' ] }
677 error Please try running this command again as root/Administrator.
678 error System Darwin 11.4.2
679 error command "node" "/usr/local/bin/npm" "install" "-g" "less"
680 error cwd /Applications/XAMPP/xamppfiles/htdocs/webRTC/webrtc.io-demo/site
681 error node -v v0.10.6
682 error npm -v 1.2.18
683 error path /usr/local/lib/node_modules/less
684 error fstream_path /usr/local/lib/node_modules/less
685 error fstream_type Directory
686 error fstream_class DirWriter
687 error code EACCES
688 error errno 3
689 error stack Error: EACCES, mkdir '/usr/local/lib/node_modules/less'
690 error fstream_stack /usr/local/lib/node_modules/npm/node_modules/fstream/lib/dir-writer.js:36:23
690 error fstream_stack /usr/local/lib/node_modules/npm/node_modules/mkdirp/index.js:37:53
690 error fstream_stack Object.oncomplete (fs.js:107:15)
691 verbose exit [ 3, true ]
